<?xml version="1.0" encoding="UTF-8"?>
<testng-results ignored="0" total="2" passed="1" failed="1" skipped="0">
  <reporter-output>
  </reporter-output>
  <suite started-at="2021-06-22T12:43:51 IST" name="Default suite" finished-at="2021-06-22T12:44:13 IST" duration-ms="22225">
    <groups>
    </groups>
    <test started-at="2021-06-22T12:43:51 IST" name="Default test" finished-at="2021-06-22T12:44:13 IST" duration-ms="22225">
      <class name="SeleniumIntegration">
        <test-method is-config="true" signature="classInitialize()[pri:0, instance:SeleniumIntegration@ec756bd]" started-at="2021-06-22T12:43:51 IST" name="classInitialize" finished-at="2021-06-22T12:43:51 IST" duration-ms="10" status="PASS">
          <reporter-output>
          </reporter-output>
        </test-method> <!-- classInitialize -->
        <test-method is-config="true" signature="setup()[pri:0, instance:SeleniumIntegration@ec756bd]" started-at="2021-06-22T12:43:51 IST" name="setup" finished-at="2021-06-22T12:43:54 IST" duration-ms="3123" status="PASS">
          <reporter-output>
          </reporter-output>
        </test-method> <!-- setup -->
        <test-method signature="test6()[pri:0, instance:SeleniumIntegration@ec756bd]" started-at="2021-06-22T12:43:54 IST" name="test6" finished-at="2021-06-22T12:43:58 IST" duration-ms="3654" status="FAIL">
          <exception class="java.lang.AssertionError">
            <message>
              <![CDATA[The following asserts failed:
expected [Google123] but found [Google],
expected [true] but found [false]]]>
            </message>
            <full-stacktrace>
              <![CDATA[java.lang.AssertionError: The following asserts failed:
expected [Google123] but found [Google],
expected [true] but found [false]
at org.testng.asserts.SoftAssert.assertAll(SoftAssert.java:47)
at org.testng.asserts.SoftAssert.assertAll(SoftAssert.java:31)
at SeleniumIntegration.test6(SeleniumIntegration.java:56)
at java.base/jdk.internal.reflect.NativeMethodAccessorImpl.invoke0(Native Method)
at java.base/jdk.internal.reflect.NativeMethodAccessorImpl.invoke(NativeMethodAccessorImpl.java:64)
at java.base/jdk.internal.reflect.DelegatingMethodAccessorImpl.invoke(DelegatingMethodAccessorImpl.java:43)
at java.base/java.lang.reflect.Method.invoke(Method.java:564)
at org.testng.internal.MethodInvocationHelper.invokeMethod(MethodInvocationHelper.java:132)
at org.testng.internal.TestInvoker.invokeMethod(TestInvoker.java:599)
at org.testng.internal.TestInvoker.invokeTestMethod(TestInvoker.java:174)
at org.testng.internal.MethodRunner.runInSequence(MethodRunner.java:46)
at org.testng.internal.TestInvoker$MethodInvocationAgent.invoke(TestInvoker.java:822)
at org.testng.internal.TestInvoker.invokeTestMethods(TestInvoker.java:147)
at org.testng.internal.TestMethodWorker.invokeTestMethods(TestMethodWorker.java:146)
at org.testng.internal.TestMethodWorker.run(TestMethodWorker.java:128)
at java.base/java.util.ArrayList.forEach(ArrayList.java:1511)
at org.testng.TestRunner.privateRun(TestRunner.java:764)
at org.testng.TestRunner.run(TestRunner.java:585)
at org.testng.SuiteRunner.runTest(SuiteRunner.java:384)
at org.testng.SuiteRunner.runSequentially(SuiteRunner.java:378)
at org.testng.SuiteRunner.privateRun(SuiteRunner.java:337)
at org.testng.SuiteRunner.run(SuiteRunner.java:286)
at org.testng.SuiteRunnerWorker.runSuite(SuiteRunnerWorker.java:53)
at org.testng.SuiteRunnerWorker.run(SuiteRunnerWorker.java:96)
at org.testng.TestNG.runSuitesSequentially(TestNG.java:1218)
at org.testng.TestNG.runSuitesLocally(TestNG.java:1140)
at org.testng.TestNG.runSuites(TestNG.java:1069)
at org.testng.TestNG.run(TestNG.java:1037)
at org.testng.remote.AbstractRemoteTestNG.run(AbstractRemoteTestNG.java:115)
at org.testng.remote.RemoteTestNG.initAndRun(RemoteTestNG.java:251)
at org.testng.remote.RemoteTestNG.main(RemoteTestNG.java:77)
]]>
            </full-stacktrace>
          </exception> <!-- java.lang.AssertionError -->
          <reporter-output>
          </reporter-output>
        </test-method> <!-- test6 -->
        <test-method is-config="true" signature="tearDown()[pri:0, instance:SeleniumIntegration@ec756bd]" started-at="2021-06-22T12:43:58 IST" name="tearDown" finished-at="2021-06-22T12:43:59 IST" duration-ms="823" status="PASS">
          <reporter-output>
          </reporter-output>
        </test-method> <!-- tearDown -->
        <test-method is-config="true" signature="setup()[pri:0, instance:SeleniumIntegration@ec756bd]" started-at="2021-06-22T12:43:59 IST" name="setup" finished-at="2021-06-22T12:44:00 IST" duration-ms="1977" status="PASS">
          <reporter-output>
          </reporter-output>
        </test-method> <!-- setup -->
        <test-method signature="test7()[pri:0, instance:SeleniumIntegration@ec756bd]" started-at="2021-06-22T12:44:00 IST" name="test7" finished-at="2021-06-22T12:44:12 IST" duration-ms="11889" status="PASS">
          <reporter-output>
          </reporter-output>
        </test-method> <!-- test7 -->
        <test-method is-config="true" signature="tearDown()[pri:0, instance:SeleniumIntegration@ec756bd]" started-at="2021-06-22T12:44:12 IST" name="tearDown" finished-at="2021-06-22T12:44:13 IST" duration-ms="695" status="PASS">
          <reporter-output>
          </reporter-output>
        </test-method> <!-- tearDown -->
        <test-method is-config="true" signature="terminate()[pri:0, instance:SeleniumIntegration@ec756bd]" started-at="2021-06-22T12:44:13 IST" name="terminate" finished-at="2021-06-22T12:44:13 IST" duration-ms="0" status="PASS">
          <reporter-output>
          </reporter-output>
        </test-method> <!-- terminate -->
      </class> <!-- SeleniumIntegration -->
    </test> <!-- Default test -->
  </suite> <!-- Default suite -->
</testng-results>
