<?xml version="1.0" encoding="UTF-8"?>
<!-- Generated by org.testng.reporters.JUnitXMLReporter -->
<testsuite ignored="0" hostname="Ravi-PC" failures="1" tests="2" name="Default test(failed)" time="22.379" errors="0" timestamp="2021-06-22T12:42:04 IST">
  <testcase classname="SeleniumIntegration" name="test7" time="12.344"/>
  <testcase classname="SeleniumIntegration" name="test6" time="3.406">
    <failure type="java.lang.AssertionError" message="The following asserts failed:
	expected [Google123] but found [Google],
	expected [true] but found [false]">
      <![CDATA[java.lang.AssertionError: The following asserts failed:
expected [Google123] but found [Google],
expected [true] but found [false]
at SeleniumIntegration.test6(SeleniumIntegration.java:56)
at java.base/java.util.ArrayList.forEach(ArrayList.java:1511)
... Removed 29 stack frames]]>
    </failure>
  </testcase> <!-- test6 -->
</testsuite> <!-- Default test(failed) -->
